<?xml version="1.0" encoding="UTF-8"?>
<!-- Generated by org.testng.reporters.JUnitXMLReporter -->
<testsuite ignored="5" hostname="MSI" failures="0" tests="1" name="Default test" time="7.72" errors="0" timestamp="2025-01-03T18:58:06 IST">
  <testcase classname="com.citibank.testcases.CitiBank_LoginTest" name="TC001_LoginTest_LoginWithValidCredentials" time="1.052"/>
  <testcase classname="com.citibank.testcases.CitiBank_LoginTest" name="TC005_LoginTest_LoginWithWrongCredentials" time="0.0">
    <ignored/>
  </testcase> <!-- TC005_LoginTest_LoginWithWrongCredentials -->
  <testcase classname="com.citibank.testcases.CitiBank_LoginTest" name="TC006_LoginTest_LoginWithValidCredentialsUsingEnter" time="0.0">
    <ignored/>
  </testcase> <!-- TC006_LoginTest_LoginWithValidCredentialsUsingEnter -->
  <testcase classname="com.citibank.testcases.CitiBank_LoginTest" name="TC003_LoginTest_LoginWithInValidUserNameAndValidPassword" time="0.0">
    <ignored/>
  </testcase> <!-- TC003_LoginTest_LoginWithInValidUserNameAndValidPassword -->
  <testcase classname="com.citibank.testcases.CitiBank_LoginTest" name="TC002_LoginTest_LoginWithValidUsernameAndInValidPassword" time="0.0">
    <ignored/>
  </testcase> <!-- TC002_LoginTest_LoginWithValidUsernameAndInValidPassword -->
  <testcase classname="com.citibank.testcases.CitiBank_LoginTest" name="TC004_LoginTest_LoginWithOutCredentials" time="0.0">
    <ignored/>
  </testcase> <!-- TC004_LoginTest_LoginWithOutCredentials -->
</testsuite> <!-- Default test -->
