<?xml version="1.0" encoding="UTF-8"?>
<!-- Generated by org.testng.reporters.JUnitXMLReporter -->
<testsuite ignored="0" hostname="MSI" failures="0" tests="6" name="Test" time="18.907" errors="0" timestamp="2025-01-09T11:38:21 IST">
  <testcase classname="com.citibank.testcases.CitiBank_LoginTest" name="TC004_LoginTest_LoginWithOutCredentials" time="2.67"/>
  <testcase classname="com.citibank.testcases.CitiBank_LoginTest" name="TC002_LoginTest_LoginWithValidUsernameAndInValidPassword" time="1.147"/>
  <testcase classname="com.citibank.testcases.CitiBank_LoginTest" name="TC005_LoginTest_LoginWithWrongCredentials" time="1.831"/>
  <testcase classname="com.citibank.testcases.CitiBank_LoginTest" name="TC003_LoginTest_LoginWithInValidUserNameAndValidPassword" time="1.667"/>
  <testcase classname="com.citibank.testcases.CitiBank_LoginTest" name="TC001_LoginTest_LoginWithValidCredentials" time="2.059"/>
  <testcase classname="com.citibank.testcases.CitiBank_LoginTest" name="TC006_LoginTest_LoginWithValidCredentialsUsingEnter" time="1.021"/>
</testsuite> <!-- Test -->
