<?xml version="1.0" encoding="UTF-8"?>
<testsuite xmlns:xsi="http://www.w3.org/2001/XMLSchema-instance" xsi:schemaLocation="https://maven.apache.org/surefire/maven-surefire-plugin/xsd/surefire-test-report.xsd" name="TestSuite" time="2.64" tests="16" errors="0" skipped="6" failures="10">
  <properties>
[...]
</properties>
  <testcase name="SetUp" classname="com.citibank.testcases.CitiBank_LoginTest" time="1.918">
    <failure message="&#10;Parameter &apos;browser&apos; is required by BeforeMethod on method SetUp but has not been marked @Optional or defined&#10;in C:\Users\Satee\eclipse-workspace\CitiBank\sanity.xml" type="org.testng.TestNGException">org.testng.TestNGException: 

Parameter 'browser' is required by BeforeMethod on method SetUp but has not been marked @Optional or defined
in C:\Users\Satee\eclipse-workspace\CitiBank\sanity.xml
</failure>
    <system-out><![CDATA[2
2
]]></system-out>
    <system-err><![CDATA[SLF4J: Failed to load class "org.slf4j.impl.StaticLoggerBinder".
SLF4J: Defaulting to no-operation (NOP) logger implementation
SLF4J: See http://www.slf4j.org/codes.html#StaticLoggerBinder for further details.
]]></system-err>
  </testcase>
  <testcase name="SetUp" classname="com.citibank.testcases.CitiBank_LoginTest" time="0.063">
    <failure message="&#10;Parameter &apos;browser&apos; is required by BeforeMethod on method SetUp but has not been marked @Optional or defined&#10;in C:\Users\Satee\eclipse-workspace\CitiBank\sanity.xml" type="org.testng.TestNGException">org.testng.TestNGException: 

Parameter 'browser' is required by BeforeMethod on method SetUp but has not been marked @Optional or defined
in C:\Users\Satee\eclipse-workspace\CitiBank\sanity.xml
</failure>
    <system-out><![CDATA[2
2
]]></system-out>
  </testcase>
  <testcase name="SetUp" classname="com.citibank.testcases.CitiBank_LoginTest" time="0.003">
    <failure message="&#10;Parameter &apos;browser&apos; is required by BeforeMethod on method SetUp but has not been marked @Optional or defined&#10;in C:\Users\Satee\eclipse-workspace\CitiBank\sanity.xml" type="org.testng.TestNGException">org.testng.TestNGException: 

Parameter 'browser' is required by BeforeMethod on method SetUp but has not been marked @Optional or defined
in C:\Users\Satee\eclipse-workspace\CitiBank\sanity.xml
</failure>
  </testcase>
  <testcase name="SetUp" classname="com.citibank.testcases.CitiBank_LoginTest" time="0.064">
    <failure message="&#10;Parameter &apos;browser&apos; is required by BeforeMethod on method SetUp but has not been marked @Optional or defined&#10;in C:\Users\Satee\eclipse-workspace\CitiBank\sanity.xml" type="org.testng.TestNGException">org.testng.TestNGException: 

Parameter 'browser' is required by BeforeMethod on method SetUp but has not been marked @Optional or defined
in C:\Users\Satee\eclipse-workspace\CitiBank\sanity.xml
</failure>
    <system-out><![CDATA[2
2
]]></system-out>
  </testcase>
  <testcase name="SetUp" classname="com.citibank.testcases.CitiBank_LoginTest" time="0.045">
    <failure message="&#10;Parameter &apos;browser&apos; is required by BeforeMethod on method SetUp but has not been marked @Optional or defined&#10;in C:\Users\Satee\eclipse-workspace\CitiBank\sanity.xml" type="org.testng.TestNGException">org.testng.TestNGException: 

Parameter 'browser' is required by BeforeMethod on method SetUp but has not been marked @Optional or defined
in C:\Users\Satee\eclipse-workspace\CitiBank\sanity.xml
</failure>
    <system-out><![CDATA[2
2
]]></system-out>
  </testcase>
  <testcase name="TC001_LoginTest_LoginWithValidCredentials" classname="com.citibank.testcases.CitiBank_LoginTest" time="0">
    <skipped message="&#10;Parameter &apos;browser&apos; is required by BeforeMethod on method SetUp but has not been marked @Optional or defined&#10;in C:\Users\Satee\eclipse-workspace\CitiBank\sanity.xml"/>
  </testcase>
  <testcase name="TearDown" classname="com.citibank.testcases.CitiBank_LoginTest" time="0.009">
    <failure type="java.lang.NullPointerException">java.lang.NullPointerException
</failure>
  </testcase>
  <testcase name="TearDown" classname="com.citibank.testcases.CitiBank_LoginTest" time="0.001">
    <failure type="java.lang.NullPointerException">java.lang.NullPointerException
</failure>
  </testcase>
  <testcase name="TearDown" classname="com.citibank.testcases.CitiBank_LoginTest" time="0.001">
    <failure type="java.lang.NullPointerException">java.lang.NullPointerException
</failure>
  </testcase>
  <testcase name="TearDown" classname="com.citibank.testcases.CitiBank_LoginTest" time="0.001">
    <failure type="java.lang.NullPointerException">java.lang.NullPointerException
</failure>
  </testcase>
  <testcase name="TearDown" classname="com.citibank.testcases.CitiBank_LoginTest" time="0.002">
    <failure type="java.lang.NullPointerException">java.lang.NullPointerException
</failure>
  </testcase>
  <testcase name="TC002_LoginTest_LoginWithValidUsernameAndInValidPassword" classname="com.citibank.testcases.CitiBank_LoginTest" time="0">
    <skipped message="Method com.citibank.testcases.CitiBank_LoginTest.TC002_LoginTest_LoginWithValidUsernameAndInValidPassword() on instance com.citibank.testcases.CitiBank_LoginTest@79da8dc5 depends on not successfully finished methods &#10;[com.citibank.testcases.CitiBank_LoginTest.TC001_LoginTest_LoginWithValidCredentials() on instance com.citibank.testcases.CitiBank_LoginTest@79da8dc5]"/>
  </testcase>
  <testcase name="TC003_LoginTest_LoginWithInValidUserNameAndValidPassword" classname="com.citibank.testcases.CitiBank_LoginTest" time="0">
    <skipped message="&#10;Parameter &apos;browser&apos; is required by BeforeMethod on method SetUp but has not been marked @Optional or defined&#10;in C:\Users\Satee\eclipse-workspace\CitiBank\sanity.xml"/>
  </testcase>
  <testcase name="TC004_LoginTest_LoginWithOutCredentials" classname="com.citibank.testcases.CitiBank_LoginTest" time="0">
    <skipped/>
  </testcase>
  <testcase name="TC005_LoginTest_LoginWithWrongCredentials" classname="com.citibank.testcases.CitiBank_LoginTest" time="0">
    <skipped/>
  </testcase>
  <testcase name="TC006_LoginTest_LoginWithValidCredentialsUsingEnter" classname="com.citibank.testcases.CitiBank_LoginTest" time="0">
    <skipped/>
  </testcase>
</testsuite>